TypeError: this.raw.headers.get is not a function
    at HonoRequest.header (C:\Users\Adem\Documents\adem\node_modules\hono\dist\cjs\request.js:99:31)
    at cors2 (C:\Users\Adem\Documents\adem\node_modules\hono\dist\cjs\middleware\cors\index.js:60:53)
    at dispatch (C:\Users\Adem\Documents\adem\node_modules\hono\dist\cjs\compose.js:43:23)
    at C:\Users\Adem\Documents\adem\node_modules\hono\dist\cjs\compose.js:26:12
    at C:\Users\Adem\Documents\adem\node_modules\hono\dist\cjs\hono-base.js:322:31
    at #dispatch (C:\Users\Adem\Documents\adem\node_modules\hono\dist\cjs\hono-base.js:332:7)
    at Server.fetch (C:\Users\Adem\Documents\adem\node_modules\hono\dist\cjs\hono-base.js:346:26)
    at Server.<anonymous> (C:\Users\Adem\Documents\adem\node_modules\engine.io\build\server.js:660:34)
    at Server.<anonymous> (C:\Users\Adem\Documents\adem\node_modules\socket.io\dist\index.js:330:28)
    at Server.emit (node:events:509:28)
TypeError: this.raw.headers.get is not a function
    at HonoRequest.header (C:\Users\Adem\Documents\adem\node_modules\hono\dist\cjs\request.js:99:31)
    at cors2 (C:\Users\Adem\Documents\adem\node_modules\hono\dist\cjs\middleware\cors\index.js:60:53)
    at dispatch (C:\Users\Adem\Documents\adem\node_modules\hono\dist\cjs\compose.js:43:23)
    at C:\Users\Adem\Documents\adem\node_modules\hono\dist\cjs\compose.js:26:12
    at C:\Users\Adem\Documents\adem\node_modules\hono\dist\cjs\hono-base.js:322:31
    at #dispatch (C:\Users\Adem\Documents\adem\node_modules\hono\dist\cjs\hono-base.js:332:7)
    at Server.fetch (C:\Users\Adem\Documents\adem\node_modules\hono\dist\cjs\hono-base.js:346:26)
    at Server.<anonymous> (C:\Users\Adem\Documents\adem\node_modules\engine.io\build\server.js:660:34)
    at Server.<anonymous> (C:\Users\Adem\Documents\adem\node_modules\socket.io\dist\index.js:330:28)
    at Server.emit (node:events:509:28)
TypeError: this.raw.headers.get is not a function
    at HonoRequest.header (C:\Users\Adem\Documents\adem\node_modules\hono\dist\cjs\request.js:99:31)
    at cors2 (C:\Users\Adem\Documents\adem\node_modules\hono\dist\cjs\middleware\cors\index.js:60:53)
    at dispatch (C:\Users\Adem\Documents\adem\node_modules\hono\dist\cjs\compose.js:43:23)
    at C:\Users\Adem\Documents\adem\node_modules\hono\dist\cjs\compose.js:26:12
    at C:\Users\Adem\Documents\adem\node_modules\hono\dist\cjs\hono-base.js:322:31
    at #dispatch (C:\Users\Adem\Documents\adem\node_modules\hono\dist\cjs\hono-base.js:332:7)
    at Server.fetch (C:\Users\Adem\Documents\adem\node_modules\hono\dist\cjs\hono-base.js:346:26)
    at Server.<anonymous> (C:\Users\Adem\Documents\adem\node_modules\engine.io\build\server.js:660:34)
    at Server.<anonymous> (C:\Users\Adem\Documents\adem\node_modules\socket.io\dist\index.js:330:28)
    at Server.emit (node:events:509:28)
TypeError: this.raw.headers.get is not a function
    at HonoRequest.header (C:\Users\Adem\Documents\adem\node_modules\hono\dist\cjs\request.js:99:31)
    at cors2 (C:\Users\Adem\Documents\adem\node_modules\hono\dist\cjs\middleware\cors\index.js:60:53)
    at dispatch (C:\Users\Adem\Documents\adem\node_modules\hono\dist\cjs\compose.js:43:23)
    at C:\Users\Adem\Documents\adem\node_modules\hono\dist\cjs\compose.js:26:12
    at C:\Users\Adem\Documents\adem\node_modules\hono\dist\cjs\hono-base.js:322:31
    at #dispatch (C:\Users\Adem\Documents\adem\node_modules\hono\dist\cjs\hono-base.js:332:7)
    at Server.fetch (C:\Users\Adem\Documents\adem\node_modules\hono\dist\cjs\hono-base.js:346:26)
    at Server.<anonymous> (C:\Users\Adem\Documents\adem\node_modules\engine.io\build\server.js:660:34)
    at Server.<anonymous> (C:\Users\Adem\Documents\adem\node_modules\socket.io\dist\index.js:330:28)
    at Server.emit (node:events:509:28)
TypeError: this.raw.headers.get is not a function
    at HonoRequest.header (C:\Users\Adem\Documents\adem\node_modules\hono\dist\cjs\request.js:99:31)
    at cors2 (C:\Users\Adem\Documents\adem\node_modules\hono\dist\cjs\middleware\cors\index.js:60:53)
    at dispatch (C:\Users\Adem\Documents\adem\node_modules\hono\dist\cjs\compose.js:43:23)
    at C:\Users\Adem\Documents\adem\node_modules\hono\dist\cjs\compose.js:26:12
    at C:\Users\Adem\Documents\adem\node_modules\hono\dist\cjs\hono-base.js:322:31
    at #dispatch (C:\Users\Adem\Documents\adem\node_modules\hono\dist\cjs\hono-base.js:332:7)
    at Server.fetch (C:\Users\Adem\Documents\adem\node_modules\hono\dist\cjs\hono-base.js:346:26)
    at Server.<anonymous> (C:\Users\Adem\Documents\adem\node_modules\engine.io\build\server.js:660:34)
    at Server.<anonymous> (C:\Users\Adem\Documents\adem\node_modules\socket.io\dist\index.js:330:28)
    at Server.emit (node:events:509:28)
TypeError: this.raw.headers.get is not a function
    at HonoRequest.header (C:\Users\Adem\Documents\adem\node_modules\hono\dist\cjs\request.js:99:31)
    at cors2 (C:\Users\Adem\Documents\adem\node_modules\hono\dist\cjs\middleware\cors\index.js:60:53)
    at dispatch (C:\Users\Adem\Documents\adem\node_modules\hono\dist\cjs\compose.js:43:23)
    at C:\Users\Adem\Documents\adem\node_modules\hono\dist\cjs\compose.js:26:12
    at C:\Users\Adem\Documents\adem\node_modules\hono\dist\cjs\hono-base.js:322:31
    at #dispatch (C:\Users\Adem\Documents\adem\node_modules\hono\dist\cjs\hono-base.js:332:7)
    at Server.fetch (C:\Users\Adem\Documents\adem\node_modules\hono\dist\cjs\hono-base.js:346:26)
    at Server.<anonymous> (C:\Users\Adem\Documents\adem\node_modules\engine.io\build\server.js:660:34)
    at Server.<anonymous> (C:\Users\Adem\Documents\adem\node_modules\socket.io\dist\index.js:330:28)
    at Server.emit (node:events:509:28)
TypeError: this.raw.headers.get is not a function
    at HonoRequest.header (C:\Users\Adem\Documents\adem\node_modules\hono\dist\cjs\request.js:99:31)
    at cors2 (C:\Users\Adem\Documents\adem\node_modules\hono\dist\cjs\middleware\cors\index.js:60:53)
    at dispatch (C:\Users\Adem\Documents\adem\node_modules\hono\dist\cjs\compose.js:43:23)
    at C:\Users\Adem\Documents\adem\node_modules\hono\dist\cjs\compose.js:26:12
    at C:\Users\Adem\Documents\adem\node_modules\hono\dist\cjs\hono-base.js:322:31
    at #dispatch (C:\Users\Adem\Documents\adem\node_modules\hono\dist\cjs\hono-base.js:332:7)
    at Server.fetch (C:\Users\Adem\Documents\adem\node_modules\hono\dist\cjs\hono-base.js:346:26)
    at Server.<anonymous> (C:\Users\Adem\Documents\adem\node_modules\engine.io\build\server.js:660:34)
    at Server.<anonymous> (C:\Users\Adem\Documents\adem\node_modules\socket.io\dist\index.js:330:28)
    at Server.emit (node:events:509:28)
TypeError: this.raw.headers.get is not a function
    at HonoRequest.header (C:\Users\Adem\Documents\adem\node_modules\hono\dist\cjs\request.js:99:31)
    at cors2 (C:\Users\Adem\Documents\adem\node_modules\hono\dist\cjs\middleware\cors\index.js:60:53)
    at dispatch (C:\Users\Adem\Documents\adem\node_modules\hono\dist\cjs\compose.js:43:23)
    at C:\Users\Adem\Documents\adem\node_modules\hono\dist\cjs\compose.js:26:12
    at C:\Users\Adem\Documents\adem\node_modules\hono\dist\cjs\hono-base.js:322:31
    at #dispatch (C:\Users\Adem\Documents\adem\node_modules\hono\dist\cjs\hono-base.js:332:7)
    at Server.fetch (C:\Users\Adem\Documents\adem\node_modules\hono\dist\cjs\hono-base.js:346:26)
    at Server.<anonymous> (C:\Users\Adem\Documents\adem\node_modules\engine.io\build\server.js:660:34)
    at Server.<anonymous> (C:\Users\Adem\Documents\adem\node_modules\socket.io\dist\index.js:330:28)
    at Server.emit (node:events:509:28)
